\BOOKMARK [1][-]{section.1}{Introduction}{}% 1
\BOOKMARK [2][-]{subsection.1.1}{Summary}{section.1}% 2
\BOOKMARK [2][-]{subsection.1.2}{Monte Carlo Transport Basics}{section.1}% 3
\BOOKMARK [1][-]{section.2}{Algorithms and Theoretical Analysis}{}% 4
\BOOKMARK [2][-]{subsection.2.1}{Sequential Algorithm}{section.2}% 5
\BOOKMARK [2][-]{subsection.2.2}{Domain Copy Algorithm}{section.2}% 6
\BOOKMARK [2][-]{subsection.2.3}{Domain Decomposition Algorithm}{section.2}% 7
\BOOKMARK [1][-]{section.3}{Experimental Setup}{}% 8
\BOOKMARK [2][-]{subsection.3.1}{Machine Information}{section.3}% 9
\BOOKMARK [2][-]{subsection.3.2}{Description of Experiments}{section.3}% 10
\BOOKMARK [3][-]{subsubsection.3.2.1}{Strong Scaling Study}{subsection.3.2}% 11
\BOOKMARK [3][-]{subsubsection.3.2.2}{Weak Scaling Study}{subsection.3.2}% 12
\BOOKMARK [3][-]{subsubsection.3.2.3}{Speedup Versus Problem Size}{subsection.3.2}% 13
\BOOKMARK [3][-]{subsubsection.3.2.4}{Determining Asymptotic Coefficients}{subsection.3.2}% 14
\BOOKMARK [2][-]{subsection.3.3}{Statistics}{section.3}% 15
\BOOKMARK [1][-]{section.4}{Experimental Results and Analysis.}{}% 16
\BOOKMARK [2][-]{subsection.4.1}{Strong Scaling Study \(speed up\)}{section.4}% 17
\BOOKMARK [3][-]{subsubsection.4.1.1}{MPI}{subsection.4.1}% 18
\BOOKMARK [2][-]{subsection.4.2}{Weak Scaling Study}{section.4}% 19
\BOOKMARK [2][-]{subsection.4.3}{Computational time versus problem size}{section.4}% 20
\BOOKMARK [2][-]{subsection.4.4}{Determining Asymptotic Time Coefficients}{section.4}% 21
\BOOKMARK [1][-]{section.5}{Conclusions}{}% 22
